This file contains any messages produced by compilers while
running configure, to aid debugging if configure makes a mistake.

It was created by configure, which was
generated by GNU Autoconf 2.69.  Invocation command line was

  $ ./configure --disable-option-checking --prefix=/usr/local --with-libpcap=no --cache-file=/dev/null --srcdir=.

## --------- ##
## Platform. ##
## --------- ##

hostname = firkraag
uname -m = x86_64
uname -r = 3.13.0-74-generic
uname -s = Linux
uname -v = #118-Ubuntu SMP Thu Dec 17 22:52:10 UTC 2015

/usr/bin/uname -p = unknown
/bin/uname -X     = unknown

/bin/arch              = unknown
/usr/bin/arch -k       = unknown
/usr/convex/getsysinfo = unknown
/usr/bin/hostinfo      = unknown
/bin/machine           = unknown
/usr/bin/oslevel       = unknown
/bin/universe          = unknown

PATH: /home/ithilgore/perl5/bin
PATH: /usr/local/sbin
PATH: /usr/local/bin
PATH: /usr/sbin
PATH: /usr/bin
PATH: /sbin
PATH: /bin
PATH: /usr/games
PATH: /usr/local/games


## ----------- ##
## Core tests. ##
## ----------- ##

configure:2314: checking for gcc
configure:2330: found /usr/bin/gcc
configure:2341: result: gcc
configure:2570: checking for C compiler version
configure:2579: gcc --version >&5
gcc (Ubuntu 4.8.4-2ubuntu1~14.04) 4.8.4
Copyright (C) 2013 Free Software Foundation, Inc.
This is free software; see the source for copying conditions.  There is NO
warranty; not even for MERCHANTABILITY or FITNESS FOR A PARTICULAR PURPOSE.

configure:2590: $? = 0
configure:2579: gcc -v >&5
Using built-in specs.
COLLECT_GCC=gcc
COLLECT_LTO_WRAPPER=/usr/lib/gcc/x86_64-linux-gnu/4.8/lto-wrapper
Target: x86_64-linux-gnu
Configured with: ../src/configure -v --with-pkgversion='Ubuntu 4.8.4-2ubuntu1~14.04' --with-bugurl=file:///usr/share/doc/gcc-4.8/README.Bugs --enable-languages=c,c++,java,go,d,fortran,objc,obj-c++ --prefix=/usr --program-suffix=-4.8 --enable-shared --enable-linker-build-id --libexecdir=/usr/lib --without-included-gettext --enable-threads=posix --with-gxx-include-dir=/usr/include/c++/4.8 --libdir=/usr/lib --enable-nls --with-sysroot=/ --enable-clocale=gnu --enable-libstdcxx-debug --enable-libstdcxx-time=yes --enable-gnu-unique-object --disable-libmudflap --enable-plugin --with-system-zlib --disable-browser-plugin --enable-java-awt=gtk --enable-gtk-cairo --with-java-home=/usr/lib/jvm/java-1.5.0-gcj-4.8-amd64/jre --enable-java-home --with-jvm-root-dir=/usr/lib/jvm/java-1.5.0-gcj-4.8-amd64 --with-jvm-jar-dir=/usr/lib/jvm-exports/java-1.5.0-gcj-4.8-amd64 --with-arch-directory=amd64 --with-ecj-jar=/usr/share/java/eclipse-ecj.jar --enable-objc-gc --enable-multiarch --disable-werror --with-arch-32=i686 --with-abi=m64 --with-multilib-list=m32,m64,mx32 --with-tune=generic --enable-checking=release --build=x86_64-linux-gnu --host=x86_64-linux-gnu --target=x86_64-linux-gnu
Thread model: posix
gcc version 4.8.4 (Ubuntu 4.8.4-2ubuntu1~14.04) 
configure:2590: $? = 0
configure:2579: gcc -V >&5
gcc: error: unrecognized command line option '-V'
gcc: fatal error: no input files
compilation terminated.
configure:2590: $? = 4
configure:2579: gcc -qversion >&5
gcc: error: unrecognized command line option '-qversion'
gcc: fatal error: no input files
compilation terminated.
configure:2590: $? = 4
configure:2610: checking whether the C compiler works
configure:2632: gcc    conftest.c  >&5
configure:2636: $? = 0
configure:2684: result: yes
configure:2687: checking for C compiler default output file name
configure:2689: result: a.out
configure:2695: checking for suffix of executables
configure:2702: gcc -o conftest    conftest.c  >&5
configure:2706: $? = 0
configure:2728: result: 
configure:2750: checking whether we are cross compiling
configure:2758: gcc -o conftest    conftest.c  >&5
configure:2762: $? = 0
configure:2769: ./conftest
configure:2773: $? = 0
configure:2788: result: no
configure:2793: checking for suffix of object files
configure:2815: gcc -c   conftest.c >&5
configure:2819: $? = 0
configure:2840: result: o
configure:2844: checking whether we are using the GNU C compiler
configure:2863: gcc -c   conftest.c >&5
configure:2863: $? = 0
configure:2872: result: yes
configure:2881: checking whether gcc accepts -g
configure:2901: gcc -c -g  conftest.c >&5
configure:2901: $? = 0
configure:2942: result: yes
configure:2959: checking for gcc option to accept ISO C89
configure:3022: gcc  -c -g -O2  conftest.c >&5
configure:3022: $? = 0
configure:3035: result: none needed
configure:3102: checking for ranlib
configure:3118: found /usr/bin/ranlib
configure:3129: result: ranlib
configure:3185: checking build system type
configure:3199: result: x86_64-unknown-linux-gnu
configure:3219: checking host system type
configure:3232: result: x86_64-unknown-linux-gnu
configure:3254: checking for inline
configure:3270: gcc -c -g -O2 -Wall   conftest.c >&5
configure:3270: $? = 0
configure:3278: result: inline
configure:3311: checking how to run the C preprocessor
configure:3342: gcc -E  conftest.c
configure:3342: $? = 0
configure:3356: gcc -E  conftest.c
conftest.c:9:28: fatal error: ac_nonexistent.h: No such file or directory
 #include <ac_nonexistent.h>
                            ^
compilation terminated.
configure:3356: $? = 1
configure: failed program was:
| /* confdefs.h */
| #define PACKAGE_NAME ""
| #define PACKAGE_TARNAME ""
| #define PACKAGE_VERSION ""
| #define PACKAGE_STRING ""
| #define PACKAGE_BUGREPORT ""
| #define PACKAGE_URL ""
| /* end confdefs.h.  */
| #include <ac_nonexistent.h>
configure:3381: result: gcc -E
configure:3401: gcc -E  conftest.c
configure:3401: $? = 0
configure:3415: gcc -E  conftest.c
conftest.c:9:28: fatal error: ac_nonexistent.h: No such file or directory
 #include <ac_nonexistent.h>
                            ^
compilation terminated.
configure:3415: $? = 1
configure: failed program was:
| /* confdefs.h */
| #define PACKAGE_NAME ""
| #define PACKAGE_TARNAME ""
| #define PACKAGE_VERSION ""
| #define PACKAGE_STRING ""
| #define PACKAGE_BUGREPORT ""
| #define PACKAGE_URL ""
| /* end confdefs.h.  */
| #include <ac_nonexistent.h>
configure:3444: checking for grep that handles long lines and -e
configure:3502: result: /bin/grep
configure:3507: checking for egrep
configure:3569: result: /bin/grep -E
configure:3574: checking for ANSI C header files
configure:3594: gcc -c -g -O2 -Wall   conftest.c >&5
configure:3594: $? = 0
configure:3667: gcc -o conftest -g -O2 -Wall    conftest.c  >&5
configure:3667: $? = 0
configure:3667: ./conftest
configure:3667: $? = 0
configure:3678: result: yes
configure:3691: checking for sys/types.h
configure:3691: gcc -c -g -O2 -Wall   conftest.c >&5
configure:3691: $? = 0
configure:3691: result: yes
configure:3691: checking for sys/stat.h
configure:3691: gcc -c -g -O2 -Wall   conftest.c >&5
configure:3691: $? = 0
configure:3691: result: yes
configure:3691: checking for stdlib.h
configure:3691: gcc -c -g -O2 -Wall   conftest.c >&5
configure:3691: $? = 0
configure:3691: result: yes
configure:3691: checking for string.h
configure:3691: gcc -c -g -O2 -Wall   conftest.c >&5
configure:3691: $? = 0
configure:3691: result: yes
configure:3691: checking for memory.h
configure:3691: gcc -c -g -O2 -Wall   conftest.c >&5
configure:3691: $? = 0
configure:3691: result: yes
configure:3691: checking for strings.h
configure:3691: gcc -c -g -O2 -Wall   conftest.c >&5
configure:3691: $? = 0
configure:3691: result: yes
configure:3691: checking for inttypes.h
configure:3691: gcc -c -g -O2 -Wall   conftest.c >&5
configure:3691: $? = 0
configure:3691: result: yes
configure:3691: checking for stdint.h
configure:3691: gcc -c -g -O2 -Wall   conftest.c >&5
configure:3691: $? = 0
configure:3691: result: yes
configure:3691: checking for unistd.h
configure:3691: gcc -c -g -O2 -Wall   conftest.c >&5
configure:3691: $? = 0
configure:3691: result: yes
configure:3706: checking for string.h
configure:3706: result: yes
configure:3706: checking getopt.h usability
configure:3706: gcc -c -g -O2 -Wall   conftest.c >&5
configure:3706: $? = 0
configure:3706: result: yes
configure:3706: checking getopt.h presence
configure:3706: gcc -E  conftest.c
configure:3706: $? = 0
configure:3706: result: yes
configure:3706: checking for getopt.h
configure:3706: result: yes
configure:3706: checking for strings.h
configure:3706: result: yes
configure:3706: checking sys/param.h usability
configure:3706: gcc -c -g -O2 -Wall   conftest.c >&5
configure:3706: $? = 0
configure:3706: result: yes
configure:3706: checking sys/param.h presence
configure:3706: gcc -E  conftest.c
configure:3706: $? = 0
configure:3706: result: yes
configure:3706: checking for sys/param.h
configure:3706: result: yes
configure:3706: checking sys/time.h usability
configure:3706: gcc -c -g -O2 -Wall   conftest.c >&5
configure:3706: $? = 0
configure:3706: result: yes
configure:3706: checking sys/time.h presence
configure:3706: gcc -E  conftest.c
configure:3706: $? = 0
configure:3706: result: yes
configure:3706: checking for sys/time.h
configure:3706: result: yes
configure:3706: checking for unistd.h
configure:3706: result: yes
configure:3706: checking errno.h usability
configure:3706: gcc -c -g -O2 -Wall   conftest.c >&5
configure:3706: $? = 0
configure:3706: result: yes
configure:3706: checking errno.h presence
configure:3706: gcc -E  conftest.c
configure:3706: $? = 0
configure:3706: result: yes
configure:3706: checking for errno.h
configure:3706: result: yes
configure:3706: checking sys/select.h usability
configure:3706: gcc -c -g -O2 -Wall   conftest.c >&5
configure:3706: $? = 0
configure:3706: result: yes
configure:3706: checking sys/select.h presence
configure:3706: gcc -E  conftest.c
configure:3706: $? = 0
configure:3706: result: yes
configure:3706: checking for sys/select.h
configure:3706: result: yes
configure:3706: checking for sys/types.h
configure:3706: result: yes
configure:3706: checking sys/socket.h usability
configure:3706: gcc -c -g -O2 -Wall   conftest.c >&5
configure:3706: $? = 0
configure:3706: result: yes
configure:3706: checking sys/socket.h presence
configure:3706: gcc -E  conftest.c
configure:3706: $? = 0
configure:3706: result: yes
configure:3706: checking for sys/socket.h
configure:3706: result: yes
configure:3706: checking netinet/in.h usability
configure:3706: gcc -c -g -O2 -Wall   conftest.c >&5
configure:3706: $? = 0
configure:3706: result: yes
configure:3706: checking netinet/in.h presence
configure:3706: gcc -E  conftest.c
configure:3706: $? = 0
configure:3706: result: yes
configure:3706: checking for netinet/in.h
configure:3706: result: yes
configure:3706: checking arpa/inet.h usability
configure:3706: gcc -c -g -O2 -Wall   conftest.c >&5
configure:3706: $? = 0
configure:3706: result: yes
configure:3706: checking arpa/inet.h presence
configure:3706: gcc -E  conftest.c
configure:3706: $? = 0
configure:3706: result: yes
configure:3706: checking for arpa/inet.h
configure:3706: result: yes
configure:3706: checking for sys/stat.h
configure:3706: result: yes
configure:3706: checking netdb.h usability
configure:3706: gcc -c -g -O2 -Wall   conftest.c >&5
configure:3706: $? = 0
configure:3706: result: yes
configure:3706: checking netdb.h presence
configure:3706: gcc -E  conftest.c
configure:3706: $? = 0
configure:3706: result: yes
configure:3706: checking for netdb.h
configure:3706: result: yes
configure:3706: checking sys/wait.h usability
configure:3706: gcc -c -g -O2 -Wall   conftest.c >&5
configure:3706: $? = 0
configure:3706: result: yes
configure:3706: checking sys/wait.h presence
configure:3706: gcc -E  conftest.c
configure:3706: $? = 0
configure:3706: result: yes
configure:3706: checking for sys/wait.h
configure:3706: result: yes
configure:3706: checking fcntl.h usability
configure:3706: gcc -c -g -O2 -Wall   conftest.c >&5
configure:3706: $? = 0
configure:3706: result: yes
configure:3706: checking fcntl.h presence
configure:3706: gcc -E  conftest.c
configure:3706: $? = 0
configure:3706: result: yes
configure:3706: checking for fcntl.h
configure:3706: result: yes
configure:3706: checking sys/resource.h usability
configure:3706: gcc -c -g -O2 -Wall   conftest.c >&5
configure:3706: $? = 0
configure:3706: result: yes
configure:3706: checking sys/resource.h presence
configure:3706: gcc -E  conftest.c
configure:3706: $? = 0
configure:3706: result: yes
configure:3706: checking for sys/resource.h
configure:3706: result: yes
configure:3706: checking for inttypes.h
configure:3706: result: yes
configure:3706: checking mach-o/dyld.h usability
configure:3706: gcc -c -g -O2 -Wall   conftest.c >&5
conftest.c:70:25: fatal error: mach-o/dyld.h: No such file or directory
 #include <mach-o/dyld.h>
                         ^
compilation terminated.
configure:3706: $? = 1
configure: failed program was:
| /* confdefs.h */
| #define PACKAGE_NAME ""
| #define PACKAGE_TARNAME ""
| #define PACKAGE_VERSION ""
| #define PACKAGE_STRING ""
| #define PACKAGE_BUGREPORT ""
| #define PACKAGE_URL ""
| #define STDC_HEADERS 1
| #define HAVE_SYS_TYPES_H 1
| #define HAVE_SYS_STAT_H 1
| #define HAVE_STDLIB_H 1
| #define HAVE_STRING_H 1
| #define HAVE_MEMORY_H 1
| #define HAVE_STRINGS_H 1
| #define HAVE_INTTYPES_H 1
| #define HAVE_STDINT_H 1
| #define HAVE_UNISTD_H 1
| #define HAVE_STRING_H 1
| #define HAVE_GETOPT_H 1
| #define HAVE_STRINGS_H 1
| #define HAVE_SYS_PARAM_H 1
| #define HAVE_SYS_TIME_H 1
| #define HAVE_UNISTD_H 1
| #define HAVE_ERRNO_H 1
| #define HAVE_SYS_SELECT_H 1
| #define HAVE_SYS_TYPES_H 1
| #define HAVE_SYS_SOCKET_H 1
| #define HAVE_NETINET_IN_H 1
| #define HAVE_ARPA_INET_H 1
| #define HAVE_SYS_STAT_H 1
| #define HAVE_NETDB_H 1
| #define HAVE_SYS_WAIT_H 1
| #define HAVE_FCNTL_H 1
| #define HAVE_SYS_RESOURCE_H 1
| #define HAVE_INTTYPES_H 1
| /* end confdefs.h.  */
| #include <stdio.h>
| #ifdef HAVE_SYS_TYPES_H
| # include <sys/types.h>
| #endif
| #ifdef HAVE_SYS_STAT_H
| # include <sys/stat.h>
| #endif
| #ifdef STDC_HEADERS
| # include <stdlib.h>
| # include <stddef.h>
| #else
| # ifdef HAVE_STDLIB_H
| #  include <stdlib.h>
| # endif
| #endif
| #ifdef HAVE_STRING_H
| # if !defined STDC_HEADERS && defined HAVE_MEMORY_H
| #  include <memory.h>
| # endif
| # include <string.h>
| #endif
| #ifdef HAVE_STRINGS_H
| # include <strings.h>
| #endif
| #ifdef HAVE_INTTYPES_H
| # include <inttypes.h>
| #endif
| #ifdef HAVE_STDINT_H
| # include <stdint.h>
| #endif
| #ifdef HAVE_UNISTD_H
| # include <unistd.h>
| #endif
| #include <mach-o/dyld.h>
configure:3706: result: no
configure:3706: checking mach-o/dyld.h presence
configure:3706: gcc -E  conftest.c
conftest.c:37:25: fatal error: mach-o/dyld.h: No such file or directory
 #include <mach-o/dyld.h>
                         ^
compilation terminated.
configure:3706: $? = 1
configure: failed program was:
| /* confdefs.h */
| #define PACKAGE_NAME ""
| #define PACKAGE_TARNAME ""
| #define PACKAGE_VERSION ""
| #define PACKAGE_STRING ""
| #define PACKAGE_BUGREPORT ""
| #define PACKAGE_URL ""
| #define STDC_HEADERS 1
| #define HAVE_SYS_TYPES_H 1
| #define HAVE_SYS_STAT_H 1
| #define HAVE_STDLIB_H 1
| #define HAVE_STRING_H 1
| #define HAVE_MEMORY_H 1
| #define HAVE_STRINGS_H 1
| #define HAVE_INTTYPES_H 1
| #define HAVE_STDINT_H 1
| #define HAVE_UNISTD_H 1
| #define HAVE_STRING_H 1
| #define HAVE_GETOPT_H 1
| #define HAVE_STRINGS_H 1
| #define HAVE_SYS_PARAM_H 1
| #define HAVE_SYS_TIME_H 1
| #define HAVE_UNISTD_H 1
| #define HAVE_ERRNO_H 1
| #define HAVE_SYS_SELECT_H 1
| #define HAVE_SYS_TYPES_H 1
| #define HAVE_SYS_SOCKET_H 1
| #define HAVE_NETINET_IN_H 1
| #define HAVE_ARPA_INET_H 1
| #define HAVE_SYS_STAT_H 1
| #define HAVE_NETDB_H 1
| #define HAVE_SYS_WAIT_H 1
| #define HAVE_FCNTL_H 1
| #define HAVE_SYS_RESOURCE_H 1
| #define HAVE_INTTYPES_H 1
| /* end confdefs.h.  */
| #include <mach-o/dyld.h>
configure:3706: result: no
configure:3706: checking for mach-o/dyld.h
configure:3706: result: no
configure:3716: checking whether time.h and sys/time.h may both be included
configure:3736: gcc -c -g -O2 -Wall   conftest.c >&5
configure:3736: $? = 0
configure:3743: result: yes
configure:3753: checking for sys/socket.h
configure:3753: result: yes
configure:3765: checking for net/if.h
configure:3765: gcc -c -g -O2 -Wall   conftest.c >&5
configure:3765: $? = 0
configure:3765: result: yes
configure:3789: checking for __attribute__
configure:3818: gcc -c -g -O2 -Wall   conftest.c >&5
configure:3818: $? = 0
configure:3833: result: yes
configure:3839: checking if sockaddr{} has sa_len member
configure:3857: gcc -c -g -O2 -Wall   conftest.c >&5
conftest.c: In function 'main':
conftest.c:47:47: error: 'struct sockaddr' has no member named 'sa_len'
 unsigned int i = sizeof(((struct sockaddr *)0)->sa_len)
                                               ^
conftest.c:47:14: warning: unused variable 'i' [-Wunused-variable]
 unsigned int i = sizeof(((struct sockaddr *)0)->sa_len)
              ^
configure:3857: $? = 1
configure: failed program was:
| /* confdefs.h */
| #define PACKAGE_NAME ""
| #define PACKAGE_TARNAME ""
| #define PACKAGE_VERSION ""
| #define PACKAGE_STRING ""
| #define PACKAGE_BUGREPORT ""
| #define PACKAGE_URL ""
| #define STDC_HEADERS 1
| #define HAVE_SYS_TYPES_H 1
| #define HAVE_SYS_STAT_H 1
| #define HAVE_STDLIB_H 1
| #define HAVE_STRING_H 1
| #define HAVE_MEMORY_H 1
| #define HAVE_STRINGS_H 1
| #define HAVE_INTTYPES_H 1
| #define HAVE_STDINT_H 1
| #define HAVE_UNISTD_H 1
| #define HAVE_STRING_H 1
| #define HAVE_GETOPT_H 1
| #define HAVE_STRINGS_H 1
| #define HAVE_SYS_PARAM_H 1
| #define HAVE_SYS_TIME_H 1
| #define HAVE_UNISTD_H 1
| #define HAVE_ERRNO_H 1
| #define HAVE_SYS_SELECT_H 1
| #define HAVE_SYS_TYPES_H 1
| #define HAVE_SYS_SOCKET_H 1
| #define HAVE_NETINET_IN_H 1
| #define HAVE_ARPA_INET_H 1
| #define HAVE_SYS_STAT_H 1
| #define HAVE_NETDB_H 1
| #define HAVE_SYS_WAIT_H 1
| #define HAVE_FCNTL_H 1
| #define HAVE_SYS_RESOURCE_H 1
| #define HAVE_INTTYPES_H 1
| #define TIME_WITH_SYS_TIME 1
| #define HAVE_SYS_SOCKET_H 1
| #define HAVE_NET_IF_H 1
| #define HAVE___ATTRIBUTE__ 1
| /* end confdefs.h.  */
| 
|                #include <sys/types.h>
|                #include <sys/socket.h>
| int
| main ()
| {
| unsigned int i = sizeof(((struct sockaddr *)0)->sa_len)
|   ;
|   return 0;
| }
configure:3864: result: no
configure:3871: checking whether byte ordering is bigendian
configure:3886: gcc -c -g -O2 -Wall   conftest.c >&5
conftest.c:42:9: error: unknown type name 'not'
         not a universal capable compiler
         ^
conftest.c:42:15: error: expected '=', ',', ';', 'asm' or '__attribute__' before 'universal'
         not a universal capable compiler
               ^
conftest.c:42:15: error: unknown type name 'universal'
configure:3886: $? = 1
configure: failed program was:
| /* confdefs.h */
| #define PACKAGE_NAME ""
| #define PACKAGE_TARNAME ""
| #define PACKAGE_VERSION ""
| #define PACKAGE_STRING ""
| #define PACKAGE_BUGREPORT ""
| #define PACKAGE_URL ""
| #define STDC_HEADERS 1
| #define HAVE_SYS_TYPES_H 1
| #define HAVE_SYS_STAT_H 1
| #define HAVE_STDLIB_H 1
| #define HAVE_STRING_H 1
| #define HAVE_MEMORY_H 1
| #define HAVE_STRINGS_H 1
| #define HAVE_INTTYPES_H 1
| #define HAVE_STDINT_H 1
| #define HAVE_UNISTD_H 1
| #define HAVE_STRING_H 1
| #define HAVE_GETOPT_H 1
| #define HAVE_STRINGS_H 1
| #define HAVE_SYS_PARAM_H 1
| #define HAVE_SYS_TIME_H 1
| #define HAVE_UNISTD_H 1
| #define HAVE_ERRNO_H 1
| #define HAVE_SYS_SELECT_H 1
| #define HAVE_SYS_TYPES_H 1
| #define HAVE_SYS_SOCKET_H 1
| #define HAVE_NETINET_IN_H 1
| #define HAVE_ARPA_INET_H 1
| #define HAVE_SYS_STAT_H 1
| #define HAVE_NETDB_H 1
| #define HAVE_SYS_WAIT_H 1
| #define HAVE_FCNTL_H 1
| #define HAVE_SYS_RESOURCE_H 1
| #define HAVE_INTTYPES_H 1
| #define TIME_WITH_SYS_TIME 1
| #define HAVE_SYS_SOCKET_H 1
| #define HAVE_NET_IF_H 1
| #define HAVE___ATTRIBUTE__ 1
| /* end confdefs.h.  */
| #ifndef __APPLE_CC__
| 	       not a universal capable compiler
| 	     #endif
| 	     typedef int dummy;
| 
configure:3931: gcc -c -g -O2 -Wall   conftest.c >&5
configure:3931: $? = 0
configure:3949: gcc -c -g -O2 -Wall   conftest.c >&5
conftest.c: In function 'main':
conftest.c:48:4: error: unknown type name 'not'
    not big endian
    ^
conftest.c:48:12: error: expected '=', ',', ';', 'asm' or '__attribute__' before 'endian'
    not big endian
            ^
configure:3949: $? = 1
configure: failed program was:
| /* confdefs.h */
| #define PACKAGE_NAME ""
| #define PACKAGE_TARNAME ""
| #define PACKAGE_VERSION ""
| #define PACKAGE_STRING ""
| #define PACKAGE_BUGREPORT ""
| #define PACKAGE_URL ""
| #define STDC_HEADERS 1
| #define HAVE_SYS_TYPES_H 1
| #define HAVE_SYS_STAT_H 1
| #define HAVE_STDLIB_H 1
| #define HAVE_STRING_H 1
| #define HAVE_MEMORY_H 1
| #define HAVE_STRINGS_H 1
| #define HAVE_INTTYPES_H 1
| #define HAVE_STDINT_H 1
| #define HAVE_UNISTD_H 1
| #define HAVE_STRING_H 1
| #define HAVE_GETOPT_H 1
| #define HAVE_STRINGS_H 1
| #define HAVE_SYS_PARAM_H 1
| #define HAVE_SYS_TIME_H 1
| #define HAVE_UNISTD_H 1
| #define HAVE_ERRNO_H 1
| #define HAVE_SYS_SELECT_H 1
| #define HAVE_SYS_TYPES_H 1
| #define HAVE_SYS_SOCKET_H 1
| #define HAVE_NETINET_IN_H 1
| #define HAVE_ARPA_INET_H 1
| #define HAVE_SYS_STAT_H 1
| #define HAVE_NETDB_H 1
| #define HAVE_SYS_WAIT_H 1
| #define HAVE_FCNTL_H 1
| #define HAVE_SYS_RESOURCE_H 1
| #define HAVE_INTTYPES_H 1
| #define TIME_WITH_SYS_TIME 1
| #define HAVE_SYS_SOCKET_H 1
| #define HAVE_NET_IF_H 1
| #define HAVE___ATTRIBUTE__ 1
| /* end confdefs.h.  */
| #include <sys/types.h>
| 		#include <sys/param.h>
| 
| int
| main ()
| {
| #if BYTE_ORDER != BIG_ENDIAN
| 		 not big endian
| 		#endif
| 
|   ;
|   return 0;
| }
configure:4077: result: no
configure:4096: checking for int8_t
configure:4096: gcc -c -g -O2 -Wall   conftest.c >&5
configure:4096: $? = 0
configure:4096: gcc -c -g -O2 -Wall   conftest.c >&5
conftest.c: In function 'main':
conftest.c:78:12: error: size of array 'test_array' is negative
 static int test_array [1 - 2 * !((int8_t) (((((int8_t) 1 << N) << N) - 1) * 2 + 1)
            ^
configure:4096: $? = 1
configure: failed program was:
| /* confdefs.h */
| #define PACKAGE_NAME ""
| #define PACKAGE_TARNAME ""
| #define PACKAGE_VERSION ""
| #define PACKAGE_STRING ""
| #define PACKAGE_BUGREPORT ""
| #define PACKAGE_URL ""
| #define STDC_HEADERS 1
| #define HAVE_SYS_TYPES_H 1
| #define HAVE_SYS_STAT_H 1
| #define HAVE_STDLIB_H 1
| #define HAVE_STRING_H 1
| #define HAVE_MEMORY_H 1
| #define HAVE_STRINGS_H 1
| #define HAVE_INTTYPES_H 1
| #define HAVE_STDINT_H 1
| #define HAVE_UNISTD_H 1
| #define HAVE_STRING_H 1
| #define HAVE_GETOPT_H 1
| #define HAVE_STRINGS_H 1
| #define HAVE_SYS_PARAM_H 1
| #define HAVE_SYS_TIME_H 1
| #define HAVE_UNISTD_H 1
| #define HAVE_ERRNO_H 1
| #define HAVE_SYS_SELECT_H 1
| #define HAVE_SYS_TYPES_H 1
| #define HAVE_SYS_SOCKET_H 1
| #define HAVE_NETINET_IN_H 1
| #define HAVE_ARPA_INET_H 1
| #define HAVE_SYS_STAT_H 1
| #define HAVE_NETDB_H 1
| #define HAVE_SYS_WAIT_H 1
| #define HAVE_FCNTL_H 1
| #define HAVE_SYS_RESOURCE_H 1
| #define HAVE_INTTYPES_H 1
| #define TIME_WITH_SYS_TIME 1
| #define HAVE_SYS_SOCKET_H 1
| #define HAVE_NET_IF_H 1
| #define HAVE___ATTRIBUTE__ 1
| /* end confdefs.h.  */
| #include <stdio.h>
| #ifdef HAVE_SYS_TYPES_H
| # include <sys/types.h>
| #endif
| #ifdef HAVE_SYS_STAT_H
| # include <sys/stat.h>
| #endif
| #ifdef STDC_HEADERS
| # include <stdlib.h>
| # include <stddef.h>
| #else
| # ifdef HAVE_STDLIB_H
| #  include <stdlib.h>
| # endif
| #endif
| #ifdef HAVE_STRING_H
| # if !defined STDC_HEADERS && defined HAVE_MEMORY_H
| #  include <memory.h>
| # endif
| # include <string.h>
| #endif
| #ifdef HAVE_STRINGS_H
| # include <strings.h>
| #endif
| #ifdef HAVE_INTTYPES_H
| # include <inttypes.h>
| #endif
| #ifdef HAVE_STDINT_H
| # include <stdint.h>
| #endif
| #ifdef HAVE_UNISTD_H
| # include <unistd.h>
| #endif
| 	        enum { N = 8 / 2 - 1 };
| int
| main ()
| {
| static int test_array [1 - 2 * !((int8_t) (((((int8_t) 1 << N) << N) - 1) * 2 + 1)
| 		 < (int8_t) (((((int8_t) 1 << N) << N) - 1) * 2 + 2))];
| test_array [0] = 0;
| return test_array [0];
| 
|   ;
|   return 0;
| }
configure:4096: result: yes
configure:4107: checking for int16_t
configure:4107: gcc -c -g -O2 -Wall   conftest.c >&5
configure:4107: $? = 0
configure:4107: gcc -c -g -O2 -Wall   conftest.c >&5
conftest.c: In function 'main':
conftest.c:78:12: error: size of array 'test_array' is negative
 static int test_array [1 - 2 * !((int16_t) (((((int16_t) 1 << N) << N) - 1) * 2 + 1)
            ^
configure:4107: $? = 1
configure: failed program was:
| /* confdefs.h */
| #define PACKAGE_NAME ""
| #define PACKAGE_TARNAME ""
| #define PACKAGE_VERSION ""
| #define PACKAGE_STRING ""
| #define PACKAGE_BUGREPORT ""
| #define PACKAGE_URL ""
| #define STDC_HEADERS 1
| #define HAVE_SYS_TYPES_H 1
| #define HAVE_SYS_STAT_H 1
| #define HAVE_STDLIB_H 1
| #define HAVE_STRING_H 1
| #define HAVE_MEMORY_H 1
| #define HAVE_STRINGS_H 1
| #define HAVE_INTTYPES_H 1
| #define HAVE_STDINT_H 1
| #define HAVE_UNISTD_H 1
| #define HAVE_STRING_H 1
| #define HAVE_GETOPT_H 1
| #define HAVE_STRINGS_H 1
| #define HAVE_SYS_PARAM_H 1
| #define HAVE_SYS_TIME_H 1
| #define HAVE_UNISTD_H 1
| #define HAVE_ERRNO_H 1
| #define HAVE_SYS_SELECT_H 1
| #define HAVE_SYS_TYPES_H 1
| #define HAVE_SYS_SOCKET_H 1
| #define HAVE_NETINET_IN_H 1
| #define HAVE_ARPA_INET_H 1
| #define HAVE_SYS_STAT_H 1
| #define HAVE_NETDB_H 1
| #define HAVE_SYS_WAIT_H 1
| #define HAVE_FCNTL_H 1
| #define HAVE_SYS_RESOURCE_H 1
| #define HAVE_INTTYPES_H 1
| #define TIME_WITH_SYS_TIME 1
| #define HAVE_SYS_SOCKET_H 1
| #define HAVE_NET_IF_H 1
| #define HAVE___ATTRIBUTE__ 1
| /* end confdefs.h.  */
| #include <stdio.h>
| #ifdef HAVE_SYS_TYPES_H
| # include <sys/types.h>
| #endif
| #ifdef HAVE_SYS_STAT_H
| # include <sys/stat.h>
| #endif
| #ifdef STDC_HEADERS
| # include <stdlib.h>
| # include <stddef.h>
| #else
| # ifdef HAVE_STDLIB_H
| #  include <stdlib.h>
| # endif
| #endif
| #ifdef HAVE_STRING_H
| # if !defined STDC_HEADERS && defined HAVE_MEMORY_H
| #  include <memory.h>
| # endif
| # include <string.h>
| #endif
| #ifdef HAVE_STRINGS_H
| # include <strings.h>
| #endif
| #ifdef HAVE_INTTYPES_H
| # include <inttypes.h>
| #endif
| #ifdef HAVE_STDINT_H
| # include <stdint.h>
| #endif
| #ifdef HAVE_UNISTD_H
| # include <unistd.h>
| #endif
| 	        enum { N = 16 / 2 - 1 };
| int
| main ()
| {
| static int test_array [1 - 2 * !((int16_t) (((((int16_t) 1 << N) << N) - 1) * 2 + 1)
| 		 < (int16_t) (((((int16_t) 1 << N) << N) - 1) * 2 + 2))];
| test_array [0] = 0;
| return test_array [0];
| 
|   ;
|   return 0;
| }
configure:4107: result: yes
configure:4118: checking for int32_t
configure:4118: gcc -c -g -O2 -Wall   conftest.c >&5
configure:4118: $? = 0
configure:4118: gcc -c -g -O2 -Wall   conftest.c >&5
conftest.c: In function 'main':
conftest.c:79:53: warning: integer overflow in expression [-Woverflow]
    < (int32_t) (((((int32_t) 1 << N) << N) - 1) * 2 + 2))];
                                                     ^
conftest.c:78:12: error: storage size of 'test_array' isn't constant
 static int test_array [1 - 2 * !((int32_t) (((((int32_t) 1 << N) << N) - 1) * 2 + 1)
            ^
conftest.c:78:12: warning: unused variable 'test_array' [-Wunused-variable]
configure:4118: $? = 1
configure: failed program was:
| /* confdefs.h */
| #define PACKAGE_NAME ""
| #define PACKAGE_TARNAME ""
| #define PACKAGE_VERSION ""
| #define PACKAGE_STRING ""
| #define PACKAGE_BUGREPORT ""
| #define PACKAGE_URL ""
| #define STDC_HEADERS 1
| #define HAVE_SYS_TYPES_H 1
| #define HAVE_SYS_STAT_H 1
| #define HAVE_STDLIB_H 1
| #define HAVE_STRING_H 1
| #define HAVE_MEMORY_H 1
| #define HAVE_STRINGS_H 1
| #define HAVE_INTTYPES_H 1
| #define HAVE_STDINT_H 1
| #define HAVE_UNISTD_H 1
| #define HAVE_STRING_H 1
| #define HAVE_GETOPT_H 1
| #define HAVE_STRINGS_H 1
| #define HAVE_SYS_PARAM_H 1
| #define HAVE_SYS_TIME_H 1
| #define HAVE_UNISTD_H 1
| #define HAVE_ERRNO_H 1
| #define HAVE_SYS_SELECT_H 1
| #define HAVE_SYS_TYPES_H 1
| #define HAVE_SYS_SOCKET_H 1
| #define HAVE_NETINET_IN_H 1
| #define HAVE_ARPA_INET_H 1
| #define HAVE_SYS_STAT_H 1
| #define HAVE_NETDB_H 1
| #define HAVE_SYS_WAIT_H 1
| #define HAVE_FCNTL_H 1
| #define HAVE_SYS_RESOURCE_H 1
| #define HAVE_INTTYPES_H 1
| #define TIME_WITH_SYS_TIME 1
| #define HAVE_SYS_SOCKET_H 1
| #define HAVE_NET_IF_H 1
| #define HAVE___ATTRIBUTE__ 1
| /* end confdefs.h.  */
| #include <stdio.h>
| #ifdef HAVE_SYS_TYPES_H
| # include <sys/types.h>
| #endif
| #ifdef HAVE_SYS_STAT_H
| # include <sys/stat.h>
| #endif
| #ifdef STDC_HEADERS
| # include <stdlib.h>
| # include <stddef.h>
| #else
| # ifdef HAVE_STDLIB_H
| #  include <stdlib.h>
| # endif
| #endif
| #ifdef HAVE_STRING_H
| # if !defined STDC_HEADERS && defined HAVE_MEMORY_H
| #  include <memory.h>
| # endif
| # include <string.h>
| #endif
| #ifdef HAVE_STRINGS_H
| # include <strings.h>
| #endif
| #ifdef HAVE_INTTYPES_H
| # include <inttypes.h>
| #endif
| #ifdef HAVE_STDINT_H
| # include <stdint.h>
| #endif
| #ifdef HAVE_UNISTD_H
| # include <unistd.h>
| #endif
| 	        enum { N = 32 / 2 - 1 };
| int
| main ()
| {
| static int test_array [1 - 2 * !((int32_t) (((((int32_t) 1 << N) << N) - 1) * 2 + 1)
| 		 < (int32_t) (((((int32_t) 1 << N) << N) - 1) * 2 + 2))];
| test_array [0] = 0;
| return test_array [0];
| 
|   ;
|   return 0;
| }
configure:4118: result: yes
configure:4129: checking for int64_t
configure:4129: gcc -c -g -O2 -Wall   conftest.c >&5
configure:4129: $? = 0
configure:4129: gcc -c -g -O2 -Wall   conftest.c >&5
conftest.c: In function 'main':
conftest.c:79:53: warning: integer overflow in expression [-Woverflow]
    < (int64_t) (((((int64_t) 1 << N) << N) - 1) * 2 + 2))];
                                                     ^
conftest.c:78:12: error: storage size of 'test_array' isn't constant
 static int test_array [1 - 2 * !((int64_t) (((((int64_t) 1 << N) << N) - 1) * 2 + 1)
            ^
conftest.c:78:12: warning: unused variable 'test_array' [-Wunused-variable]
configure:4129: $? = 1
configure: failed program was:
| /* confdefs.h */
| #define PACKAGE_NAME ""
| #define PACKAGE_TARNAME ""
| #define PACKAGE_VERSION ""
| #define PACKAGE_STRING ""
| #define PACKAGE_BUGREPORT ""
| #define PACKAGE_URL ""
| #define STDC_HEADERS 1
| #define HAVE_SYS_TYPES_H 1
| #define HAVE_SYS_STAT_H 1
| #define HAVE_STDLIB_H 1
| #define HAVE_STRING_H 1
| #define HAVE_MEMORY_H 1
| #define HAVE_STRINGS_H 1
| #define HAVE_INTTYPES_H 1
| #define HAVE_STDINT_H 1
| #define HAVE_UNISTD_H 1
| #define HAVE_STRING_H 1
| #define HAVE_GETOPT_H 1
| #define HAVE_STRINGS_H 1
| #define HAVE_SYS_PARAM_H 1
| #define HAVE_SYS_TIME_H 1
| #define HAVE_UNISTD_H 1
| #define HAVE_ERRNO_H 1
| #define HAVE_SYS_SELECT_H 1
| #define HAVE_SYS_TYPES_H 1
| #define HAVE_SYS_SOCKET_H 1
| #define HAVE_NETINET_IN_H 1
| #define HAVE_ARPA_INET_H 1
| #define HAVE_SYS_STAT_H 1
| #define HAVE_NETDB_H 1
| #define HAVE_SYS_WAIT_H 1
| #define HAVE_FCNTL_H 1
| #define HAVE_SYS_RESOURCE_H 1
| #define HAVE_INTTYPES_H 1
| #define TIME_WITH_SYS_TIME 1
| #define HAVE_SYS_SOCKET_H 1
| #define HAVE_NET_IF_H 1
| #define HAVE___ATTRIBUTE__ 1
| /* end confdefs.h.  */
| #include <stdio.h>
| #ifdef HAVE_SYS_TYPES_H
| # include <sys/types.h>
| #endif
| #ifdef HAVE_SYS_STAT_H
| # include <sys/stat.h>
| #endif
| #ifdef STDC_HEADERS
| # include <stdlib.h>
| # include <stddef.h>
| #else
| # ifdef HAVE_STDLIB_H
| #  include <stdlib.h>
| # endif
| #endif
| #ifdef HAVE_STRING_H
| # if !defined STDC_HEADERS && defined HAVE_MEMORY_H
| #  include <memory.h>
| # endif
| # include <string.h>
| #endif
| #ifdef HAVE_STRINGS_H
| # include <strings.h>
| #endif
| #ifdef HAVE_INTTYPES_H
| # include <inttypes.h>
| #endif
| #ifdef HAVE_STDINT_H
| # include <stdint.h>
| #endif
| #ifdef HAVE_UNISTD_H
| # include <unistd.h>
| #endif
| 	        enum { N = 64 / 2 - 1 };
| int
| main ()
| {
| static int test_array [1 - 2 * !((int64_t) (((((int64_t) 1 << N) << N) - 1) * 2 + 1)
| 		 < (int64_t) (((((int64_t) 1 << N) << N) - 1) * 2 + 2))];
| test_array [0] = 0;
| return test_array [0];
| 
|   ;
|   return 0;
| }
configure:4129: result: yes
configure:4140: checking for uint8_t
configure:4140: gcc -c -g -O2 -Wall   conftest.c >&5
configure:4140: $? = 0
configure:4140: result: yes
configure:4154: checking for uint16_t
configure:4154: gcc -c -g -O2 -Wall   conftest.c >&5
configure:4154: $? = 0
configure:4154: result: yes
configure:4166: checking for uint32_t
configure:4166: gcc -c -g -O2 -Wall   conftest.c >&5
configure:4166: $? = 0
configure:4166: result: yes
configure:4180: checking for uint64_t
configure:4180: gcc -c -g -O2 -Wall   conftest.c >&5
configure:4180: $? = 0
configure:4180: result: yes
configure:4198: checking for snprintf
configure:4198: gcc -o conftest -g -O2 -Wall    conftest.c  >&5
conftest.c:64:6: warning: conflicting types for built-in function 'snprintf' [enabled by default]
 char snprintf ();
      ^
configure:4198: $? = 0
configure:4198: result: yes
configure:4198: checking for vsnprintf
configure:4198: gcc -o conftest -g -O2 -Wall    conftest.c  >&5
conftest.c:65:6: warning: conflicting types for built-in function 'vsnprintf' [enabled by default]
 char vsnprintf ();
      ^
configure:4198: $? = 0
configure:4198: result: yes
configure:4198: checking for nanosleep
configure:4198: gcc -o conftest -g -O2 -Wall    conftest.c  >&5
configure:4198: $? = 0
configure:4198: result: yes
configure:4198: checking for strerror
configure:4198: gcc -o conftest -g -O2 -Wall    conftest.c  >&5
configure:4198: $? = 0
configure:4198: result: yes
configure:4198: checking for strcasestr
configure:4198: gcc -o conftest -g -O2 -Wall    conftest.c  >&5
configure:4198: $? = 0
configure:4198: result: yes
configure:4198: checking for strcasecmp
configure:4198: gcc -o conftest -g -O2 -Wall    conftest.c  >&5
conftest.c:69:6: warning: conflicting types for built-in function 'strcasecmp' [enabled by default]
 char strcasecmp ();
      ^
configure:4198: $? = 0
configure:4198: result: yes
configure:4198: checking for strncasecmp
configure:4198: gcc -o conftest -g -O2 -Wall    conftest.c  >&5
conftest.c:70:6: warning: conflicting types for built-in function 'strncasecmp' [enabled by default]
 char strncasecmp ();
      ^
configure:4198: $? = 0
configure:4198: result: yes
configure:4198: checking for signal
configure:4198: gcc -o conftest -g -O2 -Wall    conftest.c  >&5
configure:4198: $? = 0
configure:4198: result: yes
configure:4212: checking for vsnprintf
configure:4212: result: yes
configure:4212: checking for snprintf
configure:4212: result: yes
configure:4212: checking for asprintf
configure:4212: gcc -o conftest -g -O2 -Wall    conftest.c  >&5
configure:4212: $? = 0
configure:4212: result: yes
configure:4212: checking for asnprintf
configure:4212: gcc -o conftest -g -O2 -Wall    conftest.c  >&5
/tmp/ccrnPoRb.o: In function `main':
/home/ithilgore/Downloads/ncrack-proxy-master/nbase/conftest.c:86: undefined reference to `asnprintf'
collect2: error: ld returned 1 exit status
configure:4212: $? = 1
configure: failed program was:
| /* confdefs.h */
| #define PACKAGE_NAME ""
| #define PACKAGE_TARNAME ""
| #define PACKAGE_VERSION ""
| #define PACKAGE_STRING ""
| #define PACKAGE_BUGREPORT ""
| #define PACKAGE_URL ""
| #define STDC_HEADERS 1
| #define HAVE_SYS_TYPES_H 1
| #define HAVE_SYS_STAT_H 1
| #define HAVE_STDLIB_H 1
| #define HAVE_STRING_H 1
| #define HAVE_MEMORY_H 1
| #define HAVE_STRINGS_H 1
| #define HAVE_INTTYPES_H 1
| #define HAVE_STDINT_H 1
| #define HAVE_UNISTD_H 1
| #define HAVE_STRING_H 1
| #define HAVE_GETOPT_H 1
| #define HAVE_STRINGS_H 1
| #define HAVE_SYS_PARAM_H 1
| #define HAVE_SYS_TIME_H 1
| #define HAVE_UNISTD_H 1
| #define HAVE_ERRNO_H 1
| #define HAVE_SYS_SELECT_H 1
| #define HAVE_SYS_TYPES_H 1
| #define HAVE_SYS_SOCKET_H 1
| #define HAVE_NETINET_IN_H 1
| #define HAVE_ARPA_INET_H 1
| #define HAVE_SYS_STAT_H 1
| #define HAVE_NETDB_H 1
| #define HAVE_SYS_WAIT_H 1
| #define HAVE_FCNTL_H 1
| #define HAVE_SYS_RESOURCE_H 1
| #define HAVE_INTTYPES_H 1
| #define TIME_WITH_SYS_TIME 1
| #define HAVE_SYS_SOCKET_H 1
| #define HAVE_NET_IF_H 1
| #define HAVE___ATTRIBUTE__ 1
| #define HAVE_SNPRINTF 1
| #define HAVE_VSNPRINTF 1
| #define HAVE_NANOSLEEP 1
| #define HAVE_STRERROR 1
| #define HAVE_STRCASESTR 1
| #define HAVE_STRCASECMP 1
| #define HAVE_STRNCASECMP 1
| #define HAVE_SIGNAL 1
| #define HAVE_VSNPRINTF 1
| #define HAVE_SNPRINTF 1
| #define HAVE_ASPRINTF 1
| /* end confdefs.h.  */
| /* Define asnprintf to an innocuous variant, in case <limits.h> declares asnprintf.
|    For example, HP-UX 11i <limits.h> declares gettimeofday.  */
| #define asnprintf innocuous_asnprintf
| 
| /* System header to define __stub macros and hopefully few prototypes,
|     which can conflict with char asnprintf (); below.
|     Prefer <limits.h> to <assert.h> if __STDC__ is defined, since
|     <limits.h> exists even on freestanding compilers.  */
| 
| #ifdef __STDC__
| # include <limits.h>
| #else
| # include <assert.h>
| #endif
| 
| #undef asnprintf
| 
| /* Override any GCC internal prototype to avoid an error.
|    Use char because int might match the return type of a GCC
|    builtin and then its argument prototype would still apply.  */
| #ifdef __cplusplus
| extern "C"
| #endif
| char asnprintf ();
| /* The GNU C library defines this for functions which it implements
|     to always fail with ENOSYS.  Some functions are actually named
|     something starting with __ and the normal name is an alias.  */
| #if defined __stub_asnprintf || defined __stub___asnprintf
| choke me
| #endif
| 
| int
| main ()
| {
| return asnprintf ();
|   ;
|   return 0;
| }
configure:4212: result: no
configure:4212: checking for vasprintf
configure:4212: gcc -o conftest -g -O2 -Wall    conftest.c  >&5
configure:4212: $? = 0
configure:4212: result: yes
configure:4212: checking for vasnprintf
configure:4212: gcc -o conftest -g -O2 -Wall    conftest.c  >&5
/tmp/ccTPyvOb.o: In function `main':
/home/ithilgore/Downloads/ncrack-proxy-master/nbase/conftest.c:87: undefined reference to `vasnprintf'
collect2: error: ld returned 1 exit status
configure:4212: $? = 1
configure: failed program was:
| /* confdefs.h */
| #define PACKAGE_NAME ""
| #define PACKAGE_TARNAME ""
| #define PACKAGE_VERSION ""
| #define PACKAGE_STRING ""
| #define PACKAGE_BUGREPORT ""
| #define PACKAGE_URL ""
| #define STDC_HEADERS 1
| #define HAVE_SYS_TYPES_H 1
| #define HAVE_SYS_STAT_H 1
| #define HAVE_STDLIB_H 1
| #define HAVE_STRING_H 1
| #define HAVE_MEMORY_H 1
| #define HAVE_STRINGS_H 1
| #define HAVE_INTTYPES_H 1
| #define HAVE_STDINT_H 1
| #define HAVE_UNISTD_H 1
| #define HAVE_STRING_H 1
| #define HAVE_GETOPT_H 1
| #define HAVE_STRINGS_H 1
| #define HAVE_SYS_PARAM_H 1
| #define HAVE_SYS_TIME_H 1
| #define HAVE_UNISTD_H 1
| #define HAVE_ERRNO_H 1
| #define HAVE_SYS_SELECT_H 1
| #define HAVE_SYS_TYPES_H 1
| #define HAVE_SYS_SOCKET_H 1
| #define HAVE_NETINET_IN_H 1
| #define HAVE_ARPA_INET_H 1
| #define HAVE_SYS_STAT_H 1
| #define HAVE_NETDB_H 1
| #define HAVE_SYS_WAIT_H 1
| #define HAVE_FCNTL_H 1
| #define HAVE_SYS_RESOURCE_H 1
| #define HAVE_INTTYPES_H 1
| #define TIME_WITH_SYS_TIME 1
| #define HAVE_SYS_SOCKET_H 1
| #define HAVE_NET_IF_H 1
| #define HAVE___ATTRIBUTE__ 1
| #define HAVE_SNPRINTF 1
| #define HAVE_VSNPRINTF 1
| #define HAVE_NANOSLEEP 1
| #define HAVE_STRERROR 1
| #define HAVE_STRCASESTR 1
| #define HAVE_STRCASECMP 1
| #define HAVE_STRNCASECMP 1
| #define HAVE_SIGNAL 1
| #define HAVE_VSNPRINTF 1
| #define HAVE_SNPRINTF 1
| #define HAVE_ASPRINTF 1
| #define HAVE_VASPRINTF 1
| /* end confdefs.h.  */
| /* Define vasnprintf to an innocuous variant, in case <limits.h> declares vasnprintf.
|    For example, HP-UX 11i <limits.h> declares gettimeofday.  */
| #define vasnprintf innocuous_vasnprintf
| 
| /* System header to define __stub macros and hopefully few prototypes,
|     which can conflict with char vasnprintf (); below.
|     Prefer <limits.h> to <assert.h> if __STDC__ is defined, since
|     <limits.h> exists even on freestanding compilers.  */
| 
| #ifdef __STDC__
| # include <limits.h>
| #else
| # include <assert.h>
| #endif
| 
| #undef vasnprintf
| 
| /* Override any GCC internal prototype to avoid an error.
|    Use char because int might match the return type of a GCC
|    builtin and then its argument prototype would still apply.  */
| #ifdef __cplusplus
| extern "C"
| #endif
| char vasnprintf ();
| /* The GNU C library defines this for functions which it implements
|     to always fail with ENOSYS.  Some functions are actually named
|     something starting with __ and the normal name is an alias.  */
| #if defined __stub_vasnprintf || defined __stub___vasnprintf
| choke me
| #endif
| 
| int
| main ()
| {
| return vasnprintf ();
|   ;
|   return 0;
| }
configure:4212: result: no
configure:4235: checking for getopt
configure:4235: gcc -o conftest -g -O2 -Wall    conftest.c  >&5
configure:4235: $? = 0
configure:4235: result: yes
configure:4235: checking for getopt_long_only
configure:4235: gcc -o conftest -g -O2 -Wall    conftest.c  >&5
configure:4235: $? = 0
configure:4235: result: yes
configure:4248: checking for usleep
configure:4248: gcc -o conftest -g -O2 -Wall    conftest.c  >&5
configure:4248: $? = 0
configure:4248: result: yes
configure:4248: checking for gettimeofday
configure:4248: gcc -o conftest -g -O2 -Wall    conftest.c  >&5
configure:4248: $? = 0
configure:4248: result: yes
configure:4248: checking for sleep
configure:4248: gcc -o conftest -g -O2 -Wall    conftest.c  >&5
configure:4248: $? = 0
configure:4248: result: yes
configure:4265: checking for getopt_long_only
configure:4265: result: yes
configure:4281: checking for strcasecmp
configure:4281: result: yes
configure:4281: checking for strncasecmp
configure:4281: result: yes
configure:4341: checking for library containing getaddrinfo
configure:4372: gcc -o conftest -g -O2 -Wall    conftest.c  >&5
configure:4372: $? = 0
configure:4389: result: none required
configure:4397: checking for library containing gai_strerror
configure:4428: gcc -o conftest -g -O2 -Wall    conftest.c  >&5
configure:4428: $? = 0
configure:4445: result: none required
configure:4453: checking for library containing getnameinfo
configure:4484: gcc -o conftest -g -O2 -Wall    conftest.c  >&5
configure:4484: $? = 0
configure:4501: result: none required
configure:4511: checking for gai_strerror
configure:4511: gcc -o conftest -g -O2 -Wall    conftest.c  >&5
configure:4511: $? = 0
configure:4511: result: yes
configure:4520: checking for inet_ntop
configure:4520: gcc -o conftest -g -O2 -Wall    conftest.c  >&5
configure:4520: $? = 0
configure:4520: result: yes
configure:4533: checking for inet_pton
configure:4533: gcc -o conftest -g -O2 -Wall    conftest.c  >&5
configure:4533: $? = 0
configure:4533: result: yes
configure:4548: checking for working getaddrinfo
configure:4593: gcc -o conftest -g -O2 -Wall    conftest.c  >&5
configure:4593: $? = 0
configure:4593: ./conftest
configure:4593: $? = 0
configure:4607: result: yes
configure:4620: checking for library containing inet_addr
configure:4651: gcc -o conftest -g -O2 -Wall    conftest.c  >&5
configure:4651: $? = 0
configure:4668: result: none required
configure:4677: checking for working getnameinfo
configure:4733: gcc -o conftest -g -O2 -Wall    conftest.c  >&5
configure:4733: $? = 0
configure:4733: ./conftest
configure:4733: $? = 0
configure:4747: result: yes
configure:4756: checking for sockaddr_in6
configure:4782: gcc -c -g -O2 -Wall   conftest.c >&5
conftest.c: In function 'main':
conftest.c:77:21: warning: unused variable 'sa' [-Wunused-variable]
 struct sockaddr_in6 sa;
                     ^
configure:4782: $? = 0
configure:4794: result: yes
configure:4806: checking for sockaddr_storage
configure:4835: gcc -c -g -O2 -Wall   conftest.c >&5
conftest.c: In function 'main':
conftest.c:81:25: warning: unused variable 'sa' [-Wunused-variable]
 struct sockaddr_storage sa;
                         ^
configure:4835: $? = 0
configure:4847: result: yes
configure:4859: checking for AF_INET6 definition
configure:4888: gcc -c -g -O2 -Wall   conftest.c >&5
conftest.c: In function 'main':
conftest.c:82:5: warning: unused variable 'af' [-Wunused-variable]
 int af = AF_INET6;
     ^
configure:4888: $? = 0
configure:4900: result: yes
configure:4912: checking for IPv6 support
configure:4923: result: yes
configure:4986: checking openssl/ssl.h usability
configure:4986: gcc -c -g -O2 -Wall   conftest.c >&5
configure:4986: $? = 0
configure:4986: result: yes
configure:4986: checking openssl/ssl.h presence
configure:4986: gcc -E  conftest.c
configure:4986: $? = 0
configure:4986: result: yes
configure:4986: checking for openssl/ssl.h
configure:4986: result: yes
configure:5000: checking openssl/err.h usability
configure:5000: gcc -c -g -O2 -Wall   conftest.c >&5
configure:5000: $? = 0
configure:5000: result: yes
configure:5000: checking openssl/err.h presence
configure:5000: gcc -E  conftest.c
configure:5000: $? = 0
configure:5000: result: yes
configure:5000: checking for openssl/err.h
configure:5000: result: yes
configure:5015: checking openssl/rand.h usability
configure:5015: gcc -c -g -O2 -Wall   conftest.c >&5
configure:5015: $? = 0
configure:5015: result: yes
configure:5015: checking openssl/rand.h presence
configure:5015: gcc -E  conftest.c
configure:5015: $? = 0
configure:5015: result: yes
configure:5015: checking for openssl/rand.h
configure:5015: result: yes
configure:5030: checking for BIO_int_ctrl in -lcrypto
configure:5055: gcc -o conftest -g -O2 -Wall    conftest.c -lcrypto   >&5
configure:5055: $? = 0
configure:5064: result: yes
configure:5082: checking for SSL_new in -lssl
configure:5107: gcc -o conftest -g -O2 -Wall    conftest.c -lssl  -lcrypto  >&5
configure:5107: $? = 0
configure:5116: result: yes
configure:5143: checking for /proc/self/exe
configure:5156: result: yes
configure:5297: creating ./config.status

## ---------------------- ##
## Running config.status. ##
## ---------------------- ##

This file was extended by config.status, which was
generated by GNU Autoconf 2.69.  Invocation command line was

  CONFIG_FILES    = 
  CONFIG_HEADERS  = 
  CONFIG_LINKS    = 
  CONFIG_COMMANDS = 
  $ ./config.status 

on firkraag

config.status:863: creating Makefile
config.status:863: creating nbase_config.h

## ---------------- ##
## Cache variables. ##
## ---------------- ##

ac_cv___attribute__=yes
ac_cv_build=x86_64-unknown-linux-gnu
ac_cv_c_bigendian=no
ac_cv_c_compiler_gnu=yes
ac_cv_c_inline=inline
ac_cv_c_int16_t=yes
ac_cv_c_int32_t=yes
ac_cv_c_int64_t=yes
ac_cv_c_int8_t=yes
ac_cv_c_uint16_t=yes
ac_cv_c_uint32_t=yes
ac_cv_c_uint64_t=yes
ac_cv_c_uint8_t=yes
ac_cv_define_af_inet6=yes
ac_cv_define_sockaddr_in6=yes
ac_cv_define_sockaddr_storage=yes
ac_cv_env_CC_set=
ac_cv_env_CC_value=
ac_cv_env_CFLAGS_set=
ac_cv_env_CFLAGS_value=
ac_cv_env_CPPFLAGS_set=
ac_cv_env_CPPFLAGS_value=
ac_cv_env_CPP_set=
ac_cv_env_CPP_value=
ac_cv_env_LDFLAGS_set=
ac_cv_env_LDFLAGS_value=
ac_cv_env_LIBS_set=
ac_cv_env_LIBS_value=
ac_cv_env_build_alias_set=
ac_cv_env_build_alias_value=
ac_cv_env_host_alias_set=
ac_cv_env_host_alias_value=
ac_cv_env_target_alias_set=
ac_cv_env_target_alias_value=
ac_cv_file__proc_self_exe=yes
ac_cv_func_asnprintf=no
ac_cv_func_asprintf=yes
ac_cv_func_gai_strerror=yes
ac_cv_func_getopt=yes
ac_cv_func_getopt_long_only=yes
ac_cv_func_gettimeofday=yes
ac_cv_func_inet_ntop=yes
ac_cv_func_inet_pton=yes
ac_cv_func_nanosleep=yes
ac_cv_func_signal=yes
ac_cv_func_sleep=yes
ac_cv_func_snprintf=yes
ac_cv_func_strcasecmp=yes
ac_cv_func_strcasestr=yes
ac_cv_func_strerror=yes
ac_cv_func_strncasecmp=yes
ac_cv_func_usleep=yes
ac_cv_func_vasnprintf=no
ac_cv_func_vasprintf=yes
ac_cv_func_vsnprintf=yes
ac_cv_header_arpa_inet_h=yes
ac_cv_header_errno_h=yes
ac_cv_header_fcntl_h=yes
ac_cv_header_getopt_h=yes
ac_cv_header_inttypes_h=yes
ac_cv_header_mach_o_dyld_h=no
ac_cv_header_memory_h=yes
ac_cv_header_net_if_h=yes
ac_cv_header_netdb_h=yes
ac_cv_header_netinet_in_h=yes
ac_cv_header_openssl_err_h=yes
ac_cv_header_openssl_rand_h=yes
ac_cv_header_openssl_ssl_h=yes
ac_cv_header_stdc=yes
ac_cv_header_stdint_h=yes
ac_cv_header_stdlib_h=yes
ac_cv_header_string_h=yes
ac_cv_header_strings_h=yes
ac_cv_header_sys_param_h=yes
ac_cv_header_sys_resource_h=yes
ac_cv_header_sys_select_h=yes
ac_cv_header_sys_socket_h=yes
ac_cv_header_sys_stat_h=yes
ac_cv_header_sys_time_h=yes
ac_cv_header_sys_types_h=yes
ac_cv_header_sys_wait_h=yes
ac_cv_header_time=yes
ac_cv_header_unistd_h=yes
ac_cv_host=x86_64-unknown-linux-gnu
ac_cv_lib_crypto_BIO_int_ctrl=yes
ac_cv_lib_ssl_SSL_new=yes
ac_cv_objext=o
ac_cv_path_EGREP='/bin/grep -E'
ac_cv_path_GREP=/bin/grep
ac_cv_prog_CPP='gcc -E'
ac_cv_prog_ac_ct_CC=gcc
ac_cv_prog_ac_ct_RANLIB=ranlib
ac_cv_prog_cc_c89=
ac_cv_prog_cc_g=yes
ac_cv_search_gai_strerror='none required'
ac_cv_search_getaddrinfo='none required'
ac_cv_search_getnameinfo='none required'
ac_cv_search_inet_addr='none required'
ac_cv_sockaddr_has_sa_len=no
ac_cv_working_getaddrinfo=yes
ac_cv_working_getnameinfo=yes

## ----------------- ##
## Output variables. ##
## ----------------- ##

CC='gcc'
CFLAGS='-g -O2 -Wall '
CPP='gcc -E'
CPPFLAGS=''
DEFS='-DHAVE_CONFIG_H'
ECHO_C=''
ECHO_N='-n'
ECHO_T=''
EGREP='/bin/grep -E'
EXEEXT=''
GREP='/bin/grep'
LDFLAGS=''
LIBOBJS=' ${LIBOBJDIR}snprintf$U.o ${LIBOBJDIR}nbase_str$U.o ${LIBOBJDIR}nbase_misc$U.o ${LIBOBJDIR}nbase_memalloc$U.o ${LIBOBJDIR}nbase_rnd$U.o ${LIBOBJDIR}nbase_addrset$U.o'
LIBS='-lssl -lcrypto '
LTLIBOBJS=' ${LIBOBJDIR}snprintf$U.lo ${LIBOBJDIR}nbase_str$U.lo ${LIBOBJDIR}nbase_misc$U.lo ${LIBOBJDIR}nbase_memalloc$U.lo ${LIBOBJDIR}nbase_rnd$U.lo ${LIBOBJDIR}nbase_addrset$U.lo'
OBJEXT='o'
PACKAGE_BUGREPORT=''
PACKAGE_NAME=''
PACKAGE_STRING=''
PACKAGE_TARNAME=''
PACKAGE_URL=''
PACKAGE_VERSION=''
PATH_SEPARATOR=':'
RANLIB='ranlib'
SHELL='/bin/bash'
ac_ct_CC='gcc'
bindir='${exec_prefix}/bin'
build='x86_64-unknown-linux-gnu'
build_alias=''
build_cpu='x86_64'
build_os='linux-gnu'
build_vendor='unknown'
datadir='${datarootdir}'
datarootdir='${prefix}/share'
docdir='${datarootdir}/doc/${PACKAGE}'
dvidir='${docdir}'
exec_prefix='${prefix}'
host='x86_64-unknown-linux-gnu'
host_alias=''
host_cpu='x86_64'
host_os='linux-gnu'
host_vendor='unknown'
htmldir='${docdir}'
includedir='${prefix}/include'
infodir='${datarootdir}/info'
libdir='${exec_prefix}/lib'
libexecdir='${exec_prefix}/libexec'
localedir='${datarootdir}/locale'
localstatedir='${prefix}/var'
mandir='${datarootdir}/man'
oldincludedir='/usr/include'
pdfdir='${docdir}'
prefix='/usr/local'
program_transform_name='s,x,x,'
psdir='${docdir}'
sbindir='${exec_prefix}/sbin'
sharedstatedir='${prefix}/com'
sysconfdir='${prefix}/etc'
target_alias=''

## ----------- ##
## confdefs.h. ##
## ----------- ##

/* confdefs.h */
#define PACKAGE_NAME ""
#define PACKAGE_TARNAME ""
#define PACKAGE_VERSION ""
#define PACKAGE_STRING ""
#define PACKAGE_BUGREPORT ""
#define PACKAGE_URL ""
#define STDC_HEADERS 1
#define HAVE_SYS_TYPES_H 1
#define HAVE_SYS_STAT_H 1
#define HAVE_STDLIB_H 1
#define HAVE_STRING_H 1
#define HAVE_MEMORY_H 1
#define HAVE_STRINGS_H 1
#define HAVE_INTTYPES_H 1
#define HAVE_STDINT_H 1
#define HAVE_UNISTD_H 1
#define HAVE_STRING_H 1
#define HAVE_GETOPT_H 1
#define HAVE_STRINGS_H 1
#define HAVE_SYS_PARAM_H 1
#define HAVE_SYS_TIME_H 1
#define HAVE_UNISTD_H 1
#define HAVE_ERRNO_H 1
#define HAVE_SYS_SELECT_H 1
#define HAVE_SYS_TYPES_H 1
#define HAVE_SYS_SOCKET_H 1
#define HAVE_NETINET_IN_H 1
#define HAVE_ARPA_INET_H 1
#define HAVE_SYS_STAT_H 1
#define HAVE_NETDB_H 1
#define HAVE_SYS_WAIT_H 1
#define HAVE_FCNTL_H 1
#define HAVE_SYS_RESOURCE_H 1
#define HAVE_INTTYPES_H 1
#define TIME_WITH_SYS_TIME 1
#define HAVE_SYS_SOCKET_H 1
#define HAVE_NET_IF_H 1
#define HAVE___ATTRIBUTE__ 1
#define HAVE_SNPRINTF 1
#define HAVE_VSNPRINTF 1
#define HAVE_NANOSLEEP 1
#define HAVE_STRERROR 1
#define HAVE_STRCASESTR 1
#define HAVE_STRCASECMP 1
#define HAVE_STRNCASECMP 1
#define HAVE_SIGNAL 1
#define HAVE_VSNPRINTF 1
#define HAVE_SNPRINTF 1
#define HAVE_ASPRINTF 1
#define HAVE_VASPRINTF 1
#define HAVE_GETOPT 1
#define HAVE_GETOPT_LONG_ONLY 1
#define HAVE_USLEEP 1
#define HAVE_GETTIMEOFDAY 1
#define HAVE_SLEEP 1
#define HAVE_STRCASECMP 1
#define HAVE_STRNCASECMP 1
#define HAVE_GAI_STRERROR 1
#define HAVE_INET_NTOP 1
#define HAVE_INET_PTON 1
#define HAVE_GETADDRINFO 1
#define HAVE_GETNAMEINFO 1
#define HAVE_SOCKADDR_IN6 1
#define HAVE_SOCKADDR_STORAGE 1
#define HAVE_AF_INET6 1
#define HAVE_IPV6 1
#define HAVE_LIBCRYPTO 1
#define HAVE_LIBSSL 1
#define HAVE_OPENSSL 1
#define HAVE__PROC_SELF_EXE 1
#define HAVE_PROC_SELF_EXE 1

configure: exit 0
